Determining if the pthread_create exist failed with the following output:
Change Dir: /home/robo/Projects/WartHog/rosserial/rosserial_arduino/build/CMakeFiles/CMakeTmp

Run Build Command:/usr/bin/make "cmTryCompileExec815195035/fast"
make[1]: Entering directory `/home/robo/Projects/WartHog/rosserial/rosserial_arduino/build/CMakeFiles/CMakeTmp'
/usr/bin/make -f CMakeFiles/cmTryCompileExec815195035.dir/build.make CMakeFiles/cmTryCompileExec815195035.dir/build
make[2]: Entering directory `/home/robo/Projects/WartHog/rosserial/rosserial_arduino/build/CMakeFiles/CMakeTmp'
/usr/bin/cmake -E cmake_progress_report /home/robo/Projects/WartHog/rosserial/rosserial_arduino/build/CMakeFiles/CMakeTmp/CMakeFiles 1
Building C object CMakeFiles/cmTryCompileExec815195035.dir/CheckSymbolExists.c.o
/usr/bin/gcc    -o CMakeFiles/cmTryCompileExec815195035.dir/CheckSymbolExists.c.o   -c /home/robo/Projects/WartHog/rosserial/rosserial_arduino/build/CMakeFiles/CMakeTmp/CheckSymbolExists.c
Linking C executable cmTryCompileExec815195035
/usr/bin/cmake -E cmake_link_script CMakeFiles/cmTryCompileExec815195035.dir/link.txt --verbose=1
/usr/bin/gcc         CMakeFiles/cmTryCompileExec815195035.dir/CheckSymbolExists.c.o  -o cmTryCompileExec815195035 -rdynamic 
CMakeFiles/cmTryCompileExec815195035.dir/CheckSymbolExists.c.o: In function `main':
CheckSymbolExists.c:(.text+0xa): undefined reference to `pthread_create'
collect2: error: ld returned 1 exit status
make[2]: *** [cmTryCompileExec815195035] Error 1
make[2]: Leaving directory `/home/robo/Projects/WartHog/rosserial/rosserial_arduino/build/CMakeFiles/CMakeTmp'
make[1]: Leaving directory `/home/robo/Projects/WartHog/rosserial/rosserial_arduino/build/CMakeFiles/CMakeTmp'
make[1]: *** [cmTryCompileExec815195035/fast] Error 2

File /home/robo/Projects/WartHog/rosserial/rosserial_arduino/build/CMakeFiles/CMakeTmp/CheckSymbolExists.c:
/* */
#include <pthread.h>

int main(int argc, char** argv)
{
  (void)argv;
#ifndef pthread_create
  return ((int*)(&pthread_create))[argc];
#else
  (void)argc;
  return 0;
#endif
}

Determining if the function pthread_create exists in the pthreads failed with the following output:
Change Dir: /home/robo/Projects/WartHog/rosserial/rosserial_arduino/build/CMakeFiles/CMakeTmp

Run Build Command:/usr/bin/make "cmTryCompileExec2598020781/fast"
make[1]: Entering directory `/home/robo/Projects/WartHog/rosserial/rosserial_arduino/build/CMakeFiles/CMakeTmp'
/usr/bin/make -f CMakeFiles/cmTryCompileExec2598020781.dir/build.make CMakeFiles/cmTryCompileExec2598020781.dir/build
make[2]: Entering directory `/home/robo/Projects/WartHog/rosserial/rosserial_arduino/build/CMakeFiles/CMakeTmp'
/usr/bin/cmake -E cmake_progress_report /home/robo/Projects/WartHog/rosserial/rosserial_arduino/build/CMakeFiles/CMakeTmp/CMakeFiles 1
Building C object CMakeFiles/cmTryCompileExec2598020781.dir/CheckFunctionExists.c.o
/usr/bin/gcc   -DCHECK_FUNCTION_EXISTS=pthread_create   -o CMakeFiles/cmTryCompileExec2598020781.dir/CheckFunctionExists.c.o   -c /usr/share/cmake-2.8/Modules/CheckFunctionExists.c
Linking C executable cmTryCompileExec2598020781
/usr/bin/cmake -E cmake_link_script CMakeFiles/cmTryCompileExec2598020781.dir/link.txt --verbose=1
/usr/bin/gcc     -DCHECK_FUNCTION_EXISTS=pthread_create    CMakeFiles/cmTryCompileExec2598020781.dir/CheckFunctionExists.c.o  -o cmTryCompileExec2598020781 -rdynamic -lpthreads 
/usr/bin/ld: cannot find -lpthreads
collect2: error: ld returned 1 exit status
make[2]: *** [cmTryCompileExec2598020781] Error 1
make[2]: Leaving directory `/home/robo/Projects/WartHog/rosserial/rosserial_arduino/build/CMakeFiles/CMakeTmp'
make[1]: *** [cmTryCompileExec2598020781/fast] Error 2
make[1]: Leaving directory `/home/robo/Projects/WartHog/rosserial/rosserial_arduino/build/CMakeFiles/CMakeTmp'


