Determining if the pthread_create exist failed with the following output:
Change Dir: /home/robo/Projects/ROSCatkinWorkspace/build/CMakeFiles/CMakeTmp

Run Build Command:/usr/bin/make "cmTryCompileExec674037436/fast"
/usr/bin/make -f CMakeFiles/cmTryCompileExec674037436.dir/build.make CMakeFiles/cmTryCompileExec674037436.dir/build
make[1]: Entering directory `/home/robo/Projects/ROSCatkinWorkspace/build/CMakeFiles/CMakeTmp'
/usr/bin/cmake -E cmake_progress_report /home/robo/Projects/ROSCatkinWorkspace/build/CMakeFiles/CMakeTmp/CMakeFiles 1
Building C object CMakeFiles/cmTryCompileExec674037436.dir/CheckSymbolExists.c.o
/usr/bin/gcc    -o CMakeFiles/cmTryCompileExec674037436.dir/CheckSymbolExists.c.o   -c /home/robo/Projects/ROSCatkinWorkspace/build/CMakeFiles/CMakeTmp/CheckSymbolExists.c
Linking C executable cmTryCompileExec674037436
/usr/bin/cmake -E cmake_link_script CMakeFiles/cmTryCompileExec674037436.dir/link.txt --verbose=1
/usr/bin/gcc         CMakeFiles/cmTryCompileExec674037436.dir/CheckSymbolExists.c.o  -o cmTryCompileExec674037436 -rdynamic 
CMakeFiles/cmTryCompileExec674037436.dir/CheckSymbolExists.c.o: In function `main':
CheckSymbolExists.c:(.text+0xa): undefined reference to `pthread_create'
collect2: error: ld returned 1 exit status
make[1]: *** [cmTryCompileExec674037436] Error 1
make[1]: Leaving directory `/home/robo/Projects/ROSCatkinWorkspace/build/CMakeFiles/CMakeTmp'
make: *** [cmTryCompileExec674037436/fast] Error 2

File /home/robo/Projects/ROSCatkinWorkspace/build/CMakeFiles/CMakeTmp/CheckSymbolExists.c:
/* */
#include <pthread.h>

int main(int argc, char** argv)
{
  (void)argv;
#ifndef pthread_create
  return ((int*)(&pthread_create))[argc];
#else
  (void)argc;
  return 0;
#endif
}

Determining if the function pthread_create exists in the pthreads failed with the following output:
Change Dir: /home/robo/Projects/ROSCatkinWorkspace/build/CMakeFiles/CMakeTmp

Run Build Command:/usr/bin/make "cmTryCompileExec2309593527/fast"
/usr/bin/make -f CMakeFiles/cmTryCompileExec2309593527.dir/build.make CMakeFiles/cmTryCompileExec2309593527.dir/build
make[1]: Entering directory `/home/robo/Projects/ROSCatkinWorkspace/build/CMakeFiles/CMakeTmp'
/usr/bin/cmake -E cmake_progress_report /home/robo/Projects/ROSCatkinWorkspace/build/CMakeFiles/CMakeTmp/CMakeFiles 1
Building C object CMakeFiles/cmTryCompileExec2309593527.dir/CheckFunctionExists.c.o
/usr/bin/gcc   -DCHECK_FUNCTION_EXISTS=pthread_create   -o CMakeFiles/cmTryCompileExec2309593527.dir/CheckFunctionExists.c.o   -c /usr/share/cmake-2.8/Modules/CheckFunctionExists.c
Linking C executable cmTryCompileExec2309593527
/usr/bin/cmake -E cmake_link_script CMakeFiles/cmTryCompileExec2309593527.dir/link.txt --verbose=1
/usr/bin/gcc     -DCHECK_FUNCTION_EXISTS=pthread_create    CMakeFiles/cmTryCompileExec2309593527.dir/CheckFunctionExists.c.o  -o cmTryCompileExec2309593527 -rdynamic -lpthreads 
/usr/bin/ld: cannot find -lpthreads
collect2: error: ld returned 1 exit status
make[1]: Leaving directory `/home/robo/Projects/ROSCatkinWorkspace/build/CMakeFiles/CMakeTmp'
make[1]: *** [cmTryCompileExec2309593527] Error 1
make: *** [cmTryCompileExec2309593527/fast] Error 2


