Determining if the pthread_create exist failed with the following output:
Change Dir: /home/robo/Projects/WartHog/compass_pkg/build/CMakeFiles/CMakeTmp

Run Build Command:/usr/bin/make "cmTryCompileExec2554723906/fast"
make[1]: Entering directory `/home/robo/Projects/WartHog/compass_pkg/build/CMakeFiles/CMakeTmp'
/usr/bin/make -f CMakeFiles/cmTryCompileExec2554723906.dir/build.make CMakeFiles/cmTryCompileExec2554723906.dir/build
make[2]: Entering directory `/home/robo/Projects/WartHog/compass_pkg/build/CMakeFiles/CMakeTmp'
/usr/bin/cmake -E cmake_progress_report /home/robo/Projects/WartHog/compass_pkg/build/CMakeFiles/CMakeTmp/CMakeFiles 1
Building C object CMakeFiles/cmTryCompileExec2554723906.dir/CheckSymbolExists.c.o
/usr/bin/gcc    -o CMakeFiles/cmTryCompileExec2554723906.dir/CheckSymbolExists.c.o   -c /home/robo/Projects/WartHog/compass_pkg/build/CMakeFiles/CMakeTmp/CheckSymbolExists.c
Linking C executable cmTryCompileExec2554723906
/usr/bin/cmake -E cmake_link_script CMakeFiles/cmTryCompileExec2554723906.dir/link.txt --verbose=1
/usr/bin/gcc         CMakeFiles/cmTryCompileExec2554723906.dir/CheckSymbolExists.c.o  -o cmTryCompileExec2554723906 -rdynamic 
CMakeFiles/cmTryCompileExec2554723906.dir/CheckSymbolExists.c.o: In function `main':
CheckSymbolExists.c:(.text+0xa): undefined reference to `pthread_create'
collect2: error: ld returned 1 exit status
make[2]: Leaving directory `/home/robo/Projects/WartHog/compass_pkg/build/CMakeFiles/CMakeTmp'
make[2]: *** [cmTryCompileExec2554723906] Error 1
make[1]: *** [cmTryCompileExec2554723906/fast] Error 2
make[1]: Leaving directory `/home/robo/Projects/WartHog/compass_pkg/build/CMakeFiles/CMakeTmp'

File /home/robo/Projects/WartHog/compass_pkg/build/CMakeFiles/CMakeTmp/CheckSymbolExists.c:
/* */
#include <pthread.h>

int main(int argc, char** argv)
{
  (void)argv;
#ifndef pthread_create
  return ((int*)(&pthread_create))[argc];
#else
  (void)argc;
  return 0;
#endif
}

Determining if the function pthread_create exists in the pthreads failed with the following output:
Change Dir: /home/robo/Projects/WartHog/compass_pkg/build/CMakeFiles/CMakeTmp

Run Build Command:/usr/bin/make "cmTryCompileExec3701639820/fast"
make[1]: Entering directory `/home/robo/Projects/WartHog/compass_pkg/build/CMakeFiles/CMakeTmp'
/usr/bin/make -f CMakeFiles/cmTryCompileExec3701639820.dir/build.make CMakeFiles/cmTryCompileExec3701639820.dir/build
make[2]: Entering directory `/home/robo/Projects/WartHog/compass_pkg/build/CMakeFiles/CMakeTmp'
/usr/bin/cmake -E cmake_progress_report /home/robo/Projects/WartHog/compass_pkg/build/CMakeFiles/CMakeTmp/CMakeFiles 1
Building C object CMakeFiles/cmTryCompileExec3701639820.dir/CheckFunctionExists.c.o
/usr/bin/gcc   -DCHECK_FUNCTION_EXISTS=pthread_create   -o CMakeFiles/cmTryCompileExec3701639820.dir/CheckFunctionExists.c.o   -c /usr/share/cmake-2.8/Modules/CheckFunctionExists.c
Linking C executable cmTryCompileExec3701639820
/usr/bin/cmake -E cmake_link_script CMakeFiles/cmTryCompileExec3701639820.dir/link.txt --verbose=1
/usr/bin/gcc     -DCHECK_FUNCTION_EXISTS=pthread_create    CMakeFiles/cmTryCompileExec3701639820.dir/CheckFunctionExists.c.o  -o cmTryCompileExec3701639820 -rdynamic -lpthreads 
/usr/bin/ld: cannot find -lpthreads
collect2: error: ld returned 1 exit status
make[2]: Leaving directory `/home/robo/Projects/WartHog/compass_pkg/build/CMakeFiles/CMakeTmp'
make[2]: *** [cmTryCompileExec3701639820] Error 1
make[1]: *** [cmTryCompileExec3701639820/fast] Error 2
make[1]: Leaving directory `/home/robo/Projects/WartHog/compass_pkg/build/CMakeFiles/CMakeTmp'


