Determining if the pthread_create exist failed with the following output:
Change Dir: /home/robo/Projects/WartHog/gps_umd/gpsd_client/build/CMakeFiles/CMakeTmp

Run Build Command:/usr/bin/make "cmTryCompileExec692712731/fast"
make[1]: Entering directory `/home/robo/Projects/WartHog/gps_umd/gpsd_client/build/CMakeFiles/CMakeTmp'
/usr/bin/make -f CMakeFiles/cmTryCompileExec692712731.dir/build.make CMakeFiles/cmTryCompileExec692712731.dir/build
make[2]: Entering directory `/home/robo/Projects/WartHog/gps_umd/gpsd_client/build/CMakeFiles/CMakeTmp'
/usr/bin/cmake -E cmake_progress_report /home/robo/Projects/WartHog/gps_umd/gpsd_client/build/CMakeFiles/CMakeTmp/CMakeFiles 1
Building C object CMakeFiles/cmTryCompileExec692712731.dir/CheckSymbolExists.c.o
/usr/bin/gcc    -o CMakeFiles/cmTryCompileExec692712731.dir/CheckSymbolExists.c.o   -c /home/robo/Projects/WartHog/gps_umd/gpsd_client/build/CMakeFiles/CMakeTmp/CheckSymbolExists.c
Linking C executable cmTryCompileExec692712731
/usr/bin/cmake -E cmake_link_script CMakeFiles/cmTryCompileExec692712731.dir/link.txt --verbose=1
/usr/bin/gcc         CMakeFiles/cmTryCompileExec692712731.dir/CheckSymbolExists.c.o  -o cmTryCompileExec692712731 -rdynamic 
CMakeFiles/cmTryCompileExec692712731.dir/CheckSymbolExists.c.o: In function `main':
CheckSymbolExists.c:(.text+0xa): undefined reference to `pthread_create'
collect2: error: ld returned 1 exit status
make[2]: *** [cmTryCompileExec692712731] Error 1
make[2]: Leaving directory `/home/robo/Projects/WartHog/gps_umd/gpsd_client/build/CMakeFiles/CMakeTmp'
make[1]: *** [cmTryCompileExec692712731/fast] Error 2
make[1]: Leaving directory `/home/robo/Projects/WartHog/gps_umd/gpsd_client/build/CMakeFiles/CMakeTmp'

File /home/robo/Projects/WartHog/gps_umd/gpsd_client/build/CMakeFiles/CMakeTmp/CheckSymbolExists.c:
/* */
#include <pthread.h>

int main(int argc, char** argv)
{
  (void)argv;
#ifndef pthread_create
  return ((int*)(&pthread_create))[argc];
#else
  (void)argc;
  return 0;
#endif
}

Determining if the function pthread_create exists in the pthreads failed with the following output:
Change Dir: /home/robo/Projects/WartHog/gps_umd/gpsd_client/build/CMakeFiles/CMakeTmp

Run Build Command:/usr/bin/make "cmTryCompileExec491538099/fast"
make[1]: Entering directory `/home/robo/Projects/WartHog/gps_umd/gpsd_client/build/CMakeFiles/CMakeTmp'
/usr/bin/make -f CMakeFiles/cmTryCompileExec491538099.dir/build.make CMakeFiles/cmTryCompileExec491538099.dir/build
make[2]: Entering directory `/home/robo/Projects/WartHog/gps_umd/gpsd_client/build/CMakeFiles/CMakeTmp'
/usr/bin/cmake -E cmake_progress_report /home/robo/Projects/WartHog/gps_umd/gpsd_client/build/CMakeFiles/CMakeTmp/CMakeFiles 1
Building C object CMakeFiles/cmTryCompileExec491538099.dir/CheckFunctionExists.c.o
/usr/bin/gcc   -DCHECK_FUNCTION_EXISTS=pthread_create   -o CMakeFiles/cmTryCompileExec491538099.dir/CheckFunctionExists.c.o   -c /usr/share/cmake-2.8/Modules/CheckFunctionExists.c
Linking C executable cmTryCompileExec491538099
/usr/bin/cmake -E cmake_link_script CMakeFiles/cmTryCompileExec491538099.dir/link.txt --verbose=1
/usr/bin/gcc     -DCHECK_FUNCTION_EXISTS=pthread_create    CMakeFiles/cmTryCompileExec491538099.dir/CheckFunctionExists.c.o  -o cmTryCompileExec491538099 -rdynamic -lpthreads 
/usr/bin/ld: cannot find -lpthreads
collect2: error: ld returned 1 exit status
make[2]: *** [cmTryCompileExec491538099] Error 1
make[2]: Leaving directory `/home/robo/Projects/WartHog/gps_umd/gpsd_client/build/CMakeFiles/CMakeTmp'
make[1]: *** [cmTryCompileExec491538099/fast] Error 2
make[1]: Leaving directory `/home/robo/Projects/WartHog/gps_umd/gpsd_client/build/CMakeFiles/CMakeTmp'


